07-06@16:15:49 INFO  (PresentationService.java:127)     - SUCCESS: Fetched customer by username and password
07-06@16:15:49 INFO  (PresentationService.java:138)     - SUCCESS: Fetched accounts by customer
07-06@16:16:09 INFO  (PresentationService.java:138)     - SUCCESS: Fetched accounts by customer
07-06@16:16:12 INFO  (PresentationService.java:138)     - SUCCESS: Fetched accounts by customer
07-06@16:16:12 INFO  (PresentationService.java:70)     - SUCCESS: Deposit into account 11 succeeded (23.0)
07-06@16:16:12 INFO  (PresentationService.java:138)     - SUCCESS: Fetched accounts by customer
07-06@16:40:37 INFO  (PresentationService.java:131)     - ERROR: Unable to fetch customer by username and password
07-06@20:18:47 INFO  (PresentationService.java:173)     - ERROR: Unable to create new customer
07-06@20:25:05 INFO  (PresentationService.java:173)     - ERROR: Unable to create new customer
07-06@20:28:37 INFO  (PresentationService.java:175)     - ERROR: Unable to create new customer
07-06@20:30:22 INFO  (PresentationService.java:175)     - ERROR: Unable to create new customer
07-06@20:32:16 INFO  (PresentationService.java:169)     - SUCCESS: New customer created
07-06@20:32:28 INFO  (PresentationService.java:133)     - SUCCESS: Fetched customer by username and password
07-06@20:32:28 INFO  (PresentationService.java:144)     - SUCCESS: Fetched accounts by customer
07-06@20:32:46 INFO  (PresentationService.java:111)     - SUCCESS: Fetching user by username and password
07-06@20:32:48 INFO  (PresentationService.java:121)     - SUCCESS: Fetching pending accounts
07-06@20:33:53 INFO  (PresentationService.java:133)     - SUCCESS: Fetched customer by username and password
07-06@20:33:53 INFO  (PresentationService.java:144)     - SUCCESS: Fetched accounts by customer
07-06@20:34:01 INFO  (PresentationService.java:157)     - SUCCESS: New account created (100000.0)
07-06@20:34:01 INFO  (PresentationService.java:144)     - SUCCESS: Fetched accounts by customer
07-06@21:02:09 INFO  (PresentationService.java:169)     - SUCCESS: New customer created
07-06@21:02:20 INFO  (PresentationService.java:137)     - ERROR: Unable to fetch customer by username and password
07-06@21:02:26 INFO  (PresentationService.java:133)     - SUCCESS: Fetched customer by username and password
07-06@21:02:27 INFO  (PresentationService.java:144)     - SUCCESS: Fetched accounts by customer
07-06@21:02:33 INFO  (PresentationService.java:153)     - ERROR: Unable to create new account due to incorrect deposit amount (-23.0)
07-06@21:02:36 INFO  (PresentationService.java:157)     - SUCCESS: New account created (23.0)
07-06@21:02:36 INFO  (PresentationService.java:144)     - SUCCESS: Fetched accounts by customer
07-06@21:02:50 INFO  (PresentationService.java:111)     - SUCCESS: Fetching user by username and password
07-06@21:02:52 INFO  (PresentationService.java:121)     - SUCCESS: Fetching pending accounts
07-06@21:03:17 INFO  (PresentationService.java:133)     - SUCCESS: Fetched customer by username and password
07-06@21:03:17 INFO  (PresentationService.java:144)     - SUCCESS: Fetched accounts by customer
07-06@21:04:07 INFO  (PresentationService.java:111)     - SUCCESS: Fetching user by username and password
07-06@21:04:09 INFO  (PresentationService.java:121)     - SUCCESS: Fetching pending accounts
07-06@21:04:39 INFO  (PresentationService.java:121)     - SUCCESS: Fetching pending accounts
07-06@21:05:07 INFO  (PresentationService.java:133)     - SUCCESS: Fetched customer by username and password
07-06@21:05:07 INFO  (PresentationService.java:144)     - SUCCESS: Fetched accounts by customer
07-06@21:06:14 INFO  (PresentationService.java:157)     - SUCCESS: New account created (1000000.0)
07-06@21:06:14 INFO  (PresentationService.java:144)     - SUCCESS: Fetched accounts by customer
07-06@21:06:38 INFO  (PresentationService.java:111)     - SUCCESS: Fetching user by username and password
07-06@21:06:41 INFO  (PresentationService.java:121)     - SUCCESS: Fetching pending accounts
07-06@21:07:09 INFO  (PresentationService.java:137)     - ERROR: Unable to fetch customer by username and password
07-06@21:07:18 INFO  (PresentationService.java:133)     - SUCCESS: Fetched customer by username and password
07-06@21:07:18 INFO  (PresentationService.java:144)     - SUCCESS: Fetched accounts by customer
07-06@21:07:22 INFO  (PresentationService.java:144)     - SUCCESS: Fetched accounts by customer
07-06@21:07:29 INFO  (PresentationService.java:144)     - SUCCESS: Fetched accounts by customer
07-06@21:07:29 INFO  (PresentationService.java:76)     - SUCCESS: Deposit into account 110 succeeded (250.0)
07-06@21:07:29 INFO  (PresentationService.java:144)     - SUCCESS: Fetched accounts by customer
07-06@21:07:33 INFO  (PresentationService.java:144)     - SUCCESS: Fetched accounts by customer
07-06@21:07:38 INFO  (PresentationService.java:144)     - SUCCESS: Fetched accounts by customer
07-06@21:07:38 INFO  (PresentationService.java:104)     - ERROR: Withdraw from account 110 failed due to unknown error... (500.0)
07-06@21:07:49 INFO  (PresentationService.java:144)     - SUCCESS: Fetched accounts by customer
07-06@21:07:49 INFO  (PresentationService.java:104)     - ERROR: Withdraw from account -1 failed due to unknown error... (2.0)
07-06@21:07:55 INFO  (PresentationService.java:88)     - ERROR: Withdraw from account 110 failed due to invalid withdraw amount (-1.0)
07-06@21:08:04 INFO  (PresentationService.java:144)     - SUCCESS: Fetched accounts by customer
07-06@21:08:04 INFO  (PresentationService.java:98)     - SUCCESS: Withdraw from account 110 succeeded (273.0)
07-06@21:08:04 INFO  (PresentationService.java:144)     - SUCCESS: Fetched accounts by customer
07-06@21:08:23 INFO  (PresentationService.java:157)     - SUCCESS: New account created (500.0)
07-06@21:08:23 INFO  (PresentationService.java:144)     - SUCCESS: Fetched accounts by customer
07-06@21:08:44 INFO  (PresentationService.java:111)     - SUCCESS: Fetching user by username and password
07-06@21:08:46 INFO  (PresentationService.java:121)     - SUCCESS: Fetching pending accounts
07-06@21:09:18 INFO  (PresentationService.java:133)     - SUCCESS: Fetched customer by username and password
07-06@21:09:18 INFO  (PresentationService.java:144)     - SUCCESS: Fetched accounts by customer
07-06@21:09:23 INFO  (PresentationService.java:144)     - SUCCESS: Fetched accounts by customer
07-06@21:09:34 INFO  (PresentationService.java:46)     - SUCCESS: Transfer between account 110 and 112 succeeded
07-06@21:09:34 INFO  (PresentationService.java:144)     - SUCCESS: Fetched accounts by customer
07-06@21:09:41 INFO  (PresentationService.java:144)     - SUCCESS: Fetched accounts by customer
07-06@21:09:52 INFO  (PresentationService.java:43)     - ERROR: Transfer between account 112 and 110 failed due to insufficient balance
07-06@21:10:44 INFO  (PresentationService.java:111)     - SUCCESS: Fetching user by username and password
07-06@21:10:50 INFO  (PresentationService.java:56)     - SUCCESS: Fetching all customers
07-06@21:12:40 INFO  (PresentationService.java:111)     - SUCCESS: Fetching user by username and password
07-06@21:12:42 INFO  (PresentationService.java:56)     - SUCCESS: Fetching all customers
07-06@21:12:46 INFO  (PresentationService.java:144)     - SUCCESS: Fetched accounts by customer
07-07@11:26:21 INFO  (PresentationService.java:133)     - SUCCESS: Fetched customer by username and password
07-07@11:26:21 INFO  (PresentationService.java:144)     - SUCCESS: Fetched accounts by customer
07-07@11:36:49 INFO  (PresentationService.java:133)     - SUCCESS: Fetched customer by username and password
07-07@11:36:49 INFO  (PresentationService.java:144)     - SUCCESS: Fetched accounts by customer
07-07@11:36:53 INFO  (PresentationService.java:157)     - SUCCESS: New account created (34.0)
07-07@11:36:53 INFO  (PresentationService.java:144)     - SUCCESS: Fetched accounts by customer
07-07@11:37:35 INFO  (PresentationService.java:133)     - SUCCESS: Fetched customer by username and password
07-07@11:37:35 INFO  (PresentationService.java:144)     - SUCCESS: Fetched accounts by customer
07-07@11:37:56 INFO  (PresentationService.java:157)     - SUCCESS: New account created (23.0)
07-07@11:37:56 INFO  (PresentationService.java:144)     - SUCCESS: Fetched accounts by customer
07-07@11:40:56 INFO  (PresentationService.java:136)     - SUCCESS: Fetched customer by username and password
07-07@11:40:56 INFO  (PresentationService.java:147)     - SUCCESS: Fetched accounts by customer
07-07@11:41:26 INFO  (PresentationService.java:160)     - SUCCESS: New account created (2.0)
07-07@11:41:26 INFO  (PresentationService.java:147)     - SUCCESS: Fetched accounts by customer
07-07@11:42:30 INFO  (PresentationService.java:136)     - SUCCESS: Fetched customer by username and password
07-07@11:42:30 INFO  (PresentationService.java:147)     - SUCCESS: Fetched accounts by customer
07-07@11:44:58 INFO  (PresentationService.java:136)     - SUCCESS: Fetched customer by username and password
07-07@11:44:58 INFO  (PresentationService.java:147)     - SUCCESS: Fetched accounts by customer
07-07@11:45:02 INFO  (PresentationService.java:160)     - SUCCESS: New account created (1.0)
07-07@11:45:02 INFO  (PresentationService.java:147)     - SUCCESS: Fetched accounts by customer
07-07@11:45:05 INFO  (PresentationService.java:156)     - ERROR: Unable to create new account due to incorrect deposit amount (-12.0)
07-07@11:46:38 INFO  (PresentationService.java:136)     - SUCCESS: Fetched customer by username and password
07-07@11:46:38 INFO  (PresentationService.java:147)     - SUCCESS: Fetched accounts by customer
07-07@11:47:12 INFO  (PresentationService.java:156)     - ERROR: Unable to create new account due to incorrect deposit amount (-100.0)
07-07@11:51:12 INFO  (PresentationService.java:136)     - SUCCESS: Fetched customer by username and password
07-07@11:51:12 INFO  (PresentationService.java:147)     - SUCCESS: Fetched accounts by customer
07-07@11:51:41 INFO  (PresentationService.java:136)     - SUCCESS: Fetched customer by username and password
07-07@11:51:41 INFO  (PresentationService.java:147)     - SUCCESS: Fetched accounts by customer
07-07@11:51:46 INFO  (PresentationService.java:156)     - ERROR: Unable to create new account due to incorrect deposit amount (-1.0)
07-07@11:51:52 INFO  (PresentationService.java:160)     - SUCCESS: New account created (-0.0)
07-07@11:51:52 INFO  (PresentationService.java:147)     - SUCCESS: Fetched accounts by customer
07-07@11:53:38 INFO  (PresentationService.java:160)     - SUCCESS: New account created (64.999999)
07-07@11:53:38 INFO  (PresentationService.java:147)     - SUCCESS: Fetched accounts by customer
07-07@11:53:56 INFO  (PresentationService.java:147)     - SUCCESS: Fetched accounts by customer
07-07@11:57:23 INFO  (PresentationService.java:136)     - SUCCESS: Fetched customer by username and password
07-07@11:57:23 INFO  (PresentationService.java:147)     - SUCCESS: Fetched accounts by customer
07-07@11:57:34 INFO  (PresentationService.java:147)     - SUCCESS: Fetched accounts by customer
07-07@12:00:38 INFO  (PresentationService.java:136)     - SUCCESS: Fetched customer by username and password
07-07@12:00:38 INFO  (PresentationService.java:147)     - SUCCESS: Fetched accounts by customer
07-07@12:00:41 INFO  (PresentationService.java:147)     - SUCCESS: Fetched accounts by customer
07-07@12:01:02 INFO  (PresentationService.java:147)     - SUCCESS: Fetched accounts by customer
07-07@12:01:02 INFO  (PresentationService.java:107)     - ERROR: Withdraw from account -345 failed due to unknown error... (87.0)
07-07@12:01:07 INFO  (PresentationService.java:147)     - SUCCESS: Fetched accounts by customer
07-07@12:01:07 INFO  (PresentationService.java:107)     - ERROR: Withdraw from account 0 failed due to unknown error... (24.0)
07-07@12:01:11 INFO  (PresentationService.java:147)     - SUCCESS: Fetched accounts by customer
07-07@12:01:11 INFO  (PresentationService.java:101)     - SUCCESS: Withdraw from account 24 succeeded (24.0)
07-07@12:01:11 INFO  (PresentationService.java:147)     - SUCCESS: Fetched accounts by customer
07-07@12:02:02 INFO  (PresentationService.java:140)     - ERROR: Unable to fetch customer by username and password
07-07@12:02:06 INFO  (PresentationService.java:136)     - SUCCESS: Fetched customer by username and password
07-07@12:02:06 INFO  (PresentationService.java:147)     - SUCCESS: Fetched accounts by customer
07-07@12:03:37 INFO  (PresentationService.java:147)     - SUCCESS: Fetched accounts by customer
07-07@12:03:46 INFO  (PresentationService.java:147)     - SUCCESS: Fetched accounts by customer
07-07@12:03:46 INFO  (PresentationService.java:79)     - SUCCESS: Deposit into account 24 succeeded (48.0)
07-07@12:03:46 INFO  (PresentationService.java:147)     - SUCCESS: Fetched accounts by customer
07-07@12:04:39 INFO  (PresentationService.java:147)     - SUCCESS: Fetched accounts by customer
07-07@12:05:52 INFO  (PresentationService.java:136)     - SUCCESS: Fetched customer by username and password
07-07@12:05:52 INFO  (PresentationService.java:147)     - SUCCESS: Fetched accounts by customer
07-07@12:05:57 INFO  (PresentationService.java:147)     - SUCCESS: Fetched accounts by customer
07-07@12:09:03 INFO  (PresentationService.java:136)     - SUCCESS: Fetched customer by username and password
07-07@12:09:03 INFO  (PresentationService.java:147)     - SUCCESS: Fetched accounts by customer
07-07@12:10:26 INFO  (PresentationService.java:147)     - SUCCESS: Fetched accounts by customer
07-07@12:11:04 INFO  (PresentationService.java:136)     - SUCCESS: Fetched customer by username and password
07-07@12:11:04 INFO  (PresentationService.java:147)     - SUCCESS: Fetched accounts by customer
07-07@12:11:06 INFO  (PresentationService.java:147)     - SUCCESS: Fetched accounts by customer
07-07@12:15:39 INFO  (PresentationService.java:136)     - SUCCESS: Fetched customer by username and password
07-07@12:15:39 INFO  (PresentationService.java:147)     - SUCCESS: Fetched accounts by customer
07-07@12:15:41 INFO  (PresentationService.java:147)     - SUCCESS: Fetched accounts by customer
07-07@12:15:50 INFO  (PresentationService.java:147)     - SUCCESS: Fetched accounts by customer
07-07@12:15:50 INFO  (PresentationService.java:79)     - SUCCESS: Deposit into account 24 succeeded (26.0)
07-07@12:15:50 INFO  (PresentationService.java:147)     - SUCCESS: Fetched accounts by customer
07-07@12:15:53 INFO  (PresentationService.java:147)     - SUCCESS: Fetched accounts by customer
07-07@12:16:46 INFO  (PresentationService.java:136)     - SUCCESS: Fetched customer by username and password
07-07@12:16:46 INFO  (PresentationService.java:147)     - SUCCESS: Fetched accounts by customer
07-07@12:16:50 INFO  (PresentationService.java:147)     - SUCCESS: Fetched accounts by customer
07-07@12:45:55 INFO  (PresentationService.java:136)     - SUCCESS: Fetched customer by username and password
07-07@12:45:55 INFO  (PresentationService.java:147)     - SUCCESS: Fetched accounts by customer
07-07@12:46:10 INFO  (PresentationService.java:160)     - SUCCESS: New account created (123.0)
07-07@12:46:10 INFO  (PresentationService.java:147)     - SUCCESS: Fetched accounts by customer
07-07@12:47:29 INFO  (PresentationService.java:147)     - SUCCESS: Fetched accounts by customer
07-07@13:31:53 INFO  (PresentationService.java:172)     - SUCCESS: New customer created
07-07@13:33:13 INFO  (PresentationService.java:178)     - ERROR: Unable to create new customer
07-07@13:36:04 INFO  (PresentationService.java:114)     - SUCCESS: Fetching user by username and password
07-07@13:36:40 INFO  (PresentationService.java:59)     - SUCCESS: Fetching all customers
07-07@13:37:51 INFO  (PresentationService.java:114)     - SUCCESS: Fetching user by username and password
07-07@13:37:58 INFO  (PresentationService.java:59)     - SUCCESS: Fetching all customers
07-07@13:38:02 INFO  (PresentationService.java:147)     - SUCCESS: Fetched accounts by customer
07-07@13:55:28 INFO  (PresentationService.java:136)     - SUCCESS: Fetched customer by username and password
07-07@13:55:28 INFO  (PresentationService.java:147)     - SUCCESS: Fetched accounts by customer
07-07@13:55:37 INFO  (PresentationService.java:147)     - SUCCESS: Fetched accounts by customer
07-07@14:01:37 INFO  (PresentationService.java:49)     - SUCCESS: Transfer between account 27 and 25 succeeded
07-07@14:01:37 INFO  (PresentationService.java:147)     - SUCCESS: Fetched accounts by customer
07-07@14:08:26 INFO  (PresentationService.java:172)     - SUCCESS: New customer created
07-07@14:08:35 INFO  (PresentationService.java:136)     - SUCCESS: Fetched customer by username and password
07-07@14:08:35 INFO  (PresentationService.java:147)     - SUCCESS: Fetched accounts by customer
07-07@14:08:43 INFO  (PresentationService.java:147)     - SUCCESS: Fetched accounts by customer
07-07@14:08:50 INFO  (PresentationService.java:147)     - SUCCESS: Fetched accounts by customer
07-07@14:08:50 INFO  (PresentationService.java:85)     - ERROR: Deposit into account 1 failed due to unknown error... (23.0)
07-07@14:08:53 INFO  (PresentationService.java:147)     - SUCCESS: Fetched accounts by customer
07-07@14:27:37 INFO  (PresentationService.java:160)     - SUCCESS: New account created (1000.0)
07-07@14:27:37 INFO  (PresentationService.java:147)     - SUCCESS: Fetched accounts by customer
07-07@14:27:41 INFO  (PresentationService.java:156)     - ERROR: Unable to create new account due to incorrect deposit amount (-1000.0)
07-07@14:27:48 INFO  (PresentationService.java:160)     - SUCCESS: New account created (1020.0)
07-07@14:27:48 INFO  (PresentationService.java:147)     - SUCCESS: Fetched accounts by customer
07-07@14:28:03 INFO  (PresentationService.java:114)     - SUCCESS: Fetching user by username and password
07-07@14:28:05 INFO  (PresentationService.java:124)     - SUCCESS: Fetching pending accounts
07-07@14:28:43 INFO  (PresentationService.java:136)     - SUCCESS: Fetched customer by username and password
07-07@14:28:43 INFO  (PresentationService.java:147)     - SUCCESS: Fetched accounts by customer
07-07@14:28:47 INFO  (PresentationService.java:147)     - SUCCESS: Fetched accounts by customer
07-07@14:28:57 INFO  (PresentationService.java:46)     - ERROR: Transfer between account 125 and 124 failed due to insufficient balance
07-07@14:29:19 INFO  (PresentationService.java:147)     - SUCCESS: Fetched accounts by customer
07-07@14:29:26 INFO  (PresentationService.java:147)     - SUCCESS: Fetched accounts by customer
07-07@14:29:35 INFO  (PresentationService.java:49)     - SUCCESS: Transfer between account 125 and 124 succeeded
07-07@14:29:35 INFO  (PresentationService.java:147)     - SUCCESS: Fetched accounts by customer
07-07@14:30:28 INFO  (PresentationService.java:140)     - ERROR: Unable to fetch customer by username and password
07-07@14:30:36 INFO  (PresentationService.java:140)     - ERROR: Unable to fetch customer by username and password
07-07@14:30:45 INFO  (PresentationService.java:136)     - SUCCESS: Fetched customer by username and password
07-07@14:30:45 INFO  (PresentationService.java:147)     - SUCCESS: Fetched accounts by customer
07-07@14:31:31 INFO  (PresentationService.java:147)     - SUCCESS: Fetched accounts by customer
07-07@14:31:34 INFO  (PresentationService.java:147)     - SUCCESS: Fetched accounts by customer
07-07@14:31:34 INFO  (PresentationService.java:107)     - ERROR: Withdraw from account 124 failed due to unknown error... (1.0)
07-07@14:31:41 INFO  (PresentationService.java:91)     - ERROR: Withdraw from account 0 failed due to invalid withdraw amount (0.0)
07-07@14:31:45 INFO  (PresentationService.java:91)     - ERROR: Withdraw from account 124 failed due to invalid withdraw amount (0.0)
07-07@14:37:00 INFO  (PresentationService.java:91)     - ERROR: Withdraw from account 124 failed due to invalid withdraw amount (-1.0)
07-07@14:37:05 INFO  (PresentationService.java:147)     - SUCCESS: Fetched accounts by customer
07-07@14:37:05 INFO  (PresentationService.java:101)     - SUCCESS: Withdraw from account 125 succeeded (2020.0)
07-07@14:37:05 INFO  (PresentationService.java:147)     - SUCCESS: Fetched accounts by customer
07-07@14:37:16 INFO  (PresentationService.java:147)     - SUCCESS: Fetched accounts by customer
07-07@14:37:24 INFO  (PresentationService.java:91)     - ERROR: Withdraw from account 124 failed due to invalid withdraw amount (-100.0)
07-07@14:37:34 INFO  (PresentationService.java:147)     - SUCCESS: Fetched accounts by customer
07-07@14:37:34 INFO  (PresentationService.java:107)     - ERROR: Withdraw from account 125 failed due to unknown error... (34.03)
07-07@14:37:37 INFO  (PresentationService.java:147)     - SUCCESS: Fetched accounts by customer
07-07@14:59:18 INFO  (PresentationService.java:178)     - ERROR: Unable to create new customer
07-07@15:08:33 INFO  (PresentationService.java:178)     - ERROR: Unable to create new customer
07-07@15:09:52 INFO  (PresentationService.java:172)     - SUCCESS: New customer created
07-07@15:10:03 INFO  (PresentationService.java:136)     - SUCCESS: Fetched customer by username and password
07-07@15:10:03 INFO  (PresentationService.java:147)     - SUCCESS: Fetched accounts by customer
07-07@15:10:13 INFO  (PresentationService.java:160)     - SUCCESS: New account created (5000.0)
07-07@15:10:13 INFO  (PresentationService.java:147)     - SUCCESS: Fetched accounts by customer
07-07@15:10:30 INFO  (PresentationService.java:114)     - SUCCESS: Fetching user by username and password
07-07@15:10:32 INFO  (PresentationService.java:124)     - SUCCESS: Fetching pending accounts
07-07@15:21:24 INFO  (PresentationService.java:59)     - SUCCESS: Fetching all customers
07-07@15:21:28 INFO  (PresentationService.java:147)     - SUCCESS: Fetched accounts by customer
07-07@15:22:39 INFO  (PresentationService.java:136)     - SUCCESS: Fetched customer by username and password
07-07@15:22:39 INFO  (PresentationService.java:147)     - SUCCESS: Fetched accounts by customer
07-07@15:22:46 INFO  (PresentationService.java:156)     - ERROR: Unable to create new account due to incorrect deposit amount (-10.0)
07-07@15:22:48 INFO  (PresentationService.java:160)     - SUCCESS: New account created (100.0)
07-07@15:22:48 INFO  (PresentationService.java:147)     - SUCCESS: Fetched accounts by customer
07-07@15:33:47 INFO  (PresentationService.java:147)     - SUCCESS: Fetched accounts by customer
07-07@15:33:55 INFO  (PresentationService.java:147)     - SUCCESS: Fetched accounts by customer
07-07@15:33:55 INFO  (PresentationService.java:107)     - ERROR: Withdraw from account 134 failed due to unknown error... (6000.0)
07-07@15:34:08 INFO  (PresentationService.java:147)     - SUCCESS: Fetched accounts by customer
07-07@15:34:08 INFO  (PresentationService.java:101)     - SUCCESS: Withdraw from account 134 succeeded (4500.0)
07-07@15:34:08 INFO  (PresentationService.java:147)     - SUCCESS: Fetched accounts by customer
07-07@15:34:12 INFO  (PresentationService.java:147)     - SUCCESS: Fetched accounts by customer
07-07@15:34:19 INFO  (PresentationService.java:147)     - SUCCESS: Fetched accounts by customer
07-07@15:34:19 INFO  (PresentationService.java:79)     - SUCCESS: Deposit into account 134 succeeded (4500.0)
07-07@15:34:19 INFO  (PresentationService.java:147)     - SUCCESS: Fetched accounts by customer
07-07@15:34:34 INFO  (PresentationService.java:160)     - SUCCESS: New account created (3.0)
07-07@15:34:34 INFO  (PresentationService.java:147)     - SUCCESS: Fetched accounts by customer
07-07@15:59:29 INFO  (PresentationService.java:136)     - SUCCESS: Fetched customer by username and password
07-07@15:59:29 INFO  (PresentationService.java:147)     - SUCCESS: Fetched accounts by customer
07-07@16:01:20 INFO  (PresentationService.java:136)     - SUCCESS: Fetched customer by username and password
07-07@16:01:20 INFO  (PresentationService.java:147)     - SUCCESS: Fetched accounts by customer
07-07@18:13:13 INFO  (PresentationService.java:136)     - SUCCESS: Fetched customer by username and password
07-07@18:13:13 INFO  (PresentationService.java:147)     - SUCCESS: Fetched accounts by customer
07-07@18:13:25 INFO  (PresentationService.java:160)     - SUCCESS: New account created (500.01009)
07-07@18:13:25 INFO  (PresentationService.java:147)     - SUCCESS: Fetched accounts by customer
07-07@18:13:34 INFO  (PresentationService.java:114)     - SUCCESS: Fetching user by username and password
07-07@18:13:37 INFO  (PresentationService.java:124)     - SUCCESS: Fetching pending accounts
07-07@18:15:00 INFO  (PresentationService.java:136)     - SUCCESS: Fetched customer by username and password
07-07@18:15:00 INFO  (PresentationService.java:147)     - SUCCESS: Fetched accounts by customer
07-07@18:16:45 INFO  (PresentationService.java:114)     - SUCCESS: Fetching user by username and password
07-07@18:16:50 INFO  (PresentationService.java:124)     - SUCCESS: Fetching pending accounts
07-07@18:17:06 INFO  (PresentationService.java:124)     - SUCCESS: Fetching pending accounts
07-07@18:21:54 INFO  (PresentationService.java:136)     - SUCCESS: Fetched customer by username and password
07-07@18:21:54 INFO  (PresentationService.java:147)     - SUCCESS: Fetched accounts by customer
07-07@18:21:59 INFO  (PresentationService.java:147)     - SUCCESS: Fetched accounts by customer
07-07@18:22:23 INFO  (PresentationService.java:49)     - SUCCESS: Transfer between account 134 and 142 succeeded
07-07@18:22:23 INFO  (PresentationService.java:147)     - SUCCESS: Fetched accounts by customer
07-07@18:23:01 INFO  (PresentationService.java:147)     - SUCCESS: Fetched accounts by customer
07-07@18:23:12 INFO  (PresentationService.java:46)     - ERROR: Transfer between account 134 and 142 failed due to insufficient balance
07-07@19:02:48 INFO  (PresentationService.java:175)     - ERROR: Unable to create new customer
07-07@19:04:52 INFO  (PresentationService.java:175)     - ERROR: Unable to create new customer
07-07@19:36:56 INFO  (PresentationService.java:190)     - SUCCESS: New customer created
07-07@19:37:09 INFO  (PresentationService.java:151)     - ERROR: Unable to fetch customer by username and password
07-07@19:37:16 INFO  (PresentationService.java:151)     - ERROR: Unable to fetch customer by username and password
07-07@19:37:23 INFO  (PresentationService.java:147)     - SUCCESS: Fetched customer by username and password
07-07@19:37:23 INFO  (PresentationService.java:159)     - SUCCESS: Fetched accounts by customer
07-07@19:37:36 INFO  (PresentationService.java:175)     - SUCCESS: New account created (5000.0)
07-07@19:37:36 INFO  (PresentationService.java:159)     - SUCCESS: Fetched accounts by customer
07-07@19:37:47 INFO  (PresentationService.java:175)     - SUCCESS: New account created (2500.0)
07-07@19:37:47 INFO  (PresentationService.java:159)     - SUCCESS: Fetched accounts by customer
07-07@19:37:54 INFO  (PresentationService.java:170)     - ERROR: Unable to create new account due to incorrect deposit amount (-250.0)
07-07@19:38:04 INFO  (PresentationService.java:175)     - SUCCESS: New account created (250.0)
07-07@19:38:04 INFO  (PresentationService.java:159)     - SUCCESS: Fetched accounts by customer
07-07@19:38:29 INFO  (PresentationService.java:120)     - SUCCESS: Fetching user by username and password
07-07@19:38:41 INFO  (PresentationService.java:132)     - SUCCESS: Fetching pending accounts
07-07@19:40:15 INFO  (PresentationService.java:62)     - SUCCESS: Fetching all customers
07-07@19:41:14 INFO  (PresentationService.java:159)     - SUCCESS: Fetched accounts by customer
07-07@19:41:40 INFO  (PresentationService.java:147)     - SUCCESS: Fetched customer by username and password
07-07@19:41:40 INFO  (PresentationService.java:159)     - SUCCESS: Fetched accounts by customer
07-07@19:41:54 INFO  (PresentationService.java:159)     - SUCCESS: Fetched accounts by customer
07-07@19:42:03 INFO  (PresentationService.java:159)     - SUCCESS: Fetched accounts by customer
07-07@19:42:03 INFO  (PresentationService.java:83)     - SUCCESS: Deposit into account 150 succeeded (2500.01)
07-07@19:42:03 INFO  (PresentationService.java:159)     - SUCCESS: Fetched accounts by customer
07-07@19:42:24 INFO  (PresentationService.java:159)     - SUCCESS: Fetched accounts by customer
07-07@19:42:36 INFO  (PresentationService.java:159)     - SUCCESS: Fetched accounts by customer
07-07@19:42:37 INFO  (PresentationService.java:105)     - SUCCESS: Withdraw from account 151 succeeded (50.0)
07-07@19:42:37 INFO  (PresentationService.java:159)     - SUCCESS: Fetched accounts by customer
07-07@19:42:57 INFO  (PresentationService.java:159)     - SUCCESS: Fetched accounts by customer
07-07@19:43:33 INFO  (PresentationService.java:51)     - SUCCESS: Transfer between account 151 and 150 succeeded
07-07@19:43:33 INFO  (PresentationService.java:159)     - SUCCESS: Fetched accounts by customer
07-07@19:43:45 INFO  (PresentationService.java:159)     - SUCCESS: Fetched accounts by customer
07-07@19:43:53 INFO  (PresentationService.java:159)     - SUCCESS: Fetched accounts by customer
07-07@19:43:55 INFO  (PresentationService.java:159)     - SUCCESS: Fetched accounts by customer
07-07@19:45:03 INFO  (PresentationService.java:159)     - SUCCESS: Fetched accounts by customer
07-07@19:45:03 INFO  (PresentationService.java:111)     - ERROR: Withdraw from account 150 failed due to unknown error... (0.02)
07-07@19:45:14 INFO  (PresentationService.java:159)     - SUCCESS: Fetched accounts by customer
07-07@19:45:15 INFO  (PresentationService.java:105)     - SUCCESS: Withdraw from account 150 succeeded (0.01)
07-07@19:45:15 INFO  (PresentationService.java:159)     - SUCCESS: Fetched accounts by customer
07-07@19:47:13 INFO  (PresentationService.java:190)     - SUCCESS: New customer created
07-07@19:47:28 INFO  (PresentationService.java:147)     - SUCCESS: Fetched customer by username and password
07-07@19:47:28 INFO  (PresentationService.java:159)     - SUCCESS: Fetched accounts by customer
07-07@19:47:32 INFO  (PresentationService.java:175)     - SUCCESS: New account created (10000.0)
07-07@19:47:32 INFO  (PresentationService.java:159)     - SUCCESS: Fetched accounts by customer
07-07@19:47:42 INFO  (PresentationService.java:120)     - SUCCESS: Fetching user by username and password
07-07@19:47:44 INFO  (PresentationService.java:132)     - SUCCESS: Fetching pending accounts
