2021-05-24 11:04:53  TRACE com.paul.bank.BankPortal:35 User henry logged on
2021-05-24 12:13:24  TRACE com.paul.bank.BankPortal:35 User paul logged on
2021-05-24 12:24:38  TRACE com.paul.bank.BankPortal:35 User root logged on
2021-05-24 12:25:08  TRACE com.paul.bank.BankPortal:35 User paul logged on
2021-05-24 12:25:21  INFO com.paul.model.Client:142 User paul deposited 500.0
2021-05-24 12:25:29  INFO com.paul.model.Client:162 User paul withdrew 420.0
2021-05-24 12:25:44  TRACE com.paul.bank.BankPortal:35 User root logged on
2021-05-24 12:27:37  TRACE com.paul.bank.BankPortal:35 User henry logged on
2021-05-24 12:28:10  TRACE com.paul.model.Client:122 User henry applied for a bank account
2021-05-24 12:29:59  TRACE com.paul.bank.BankPortal:35 User paul logged on
2021-05-24 12:30:15  TRACE com.paul.bank.BankPortal:35 User root logged on
2021-05-24 12:46:33  TRACE com.paul.bank.BankPortal:35 User paul logged on
2021-05-24 12:46:37  TRACE com.paul.model.Client:160 User paul applied for a bank account
2021-05-24 12:47:06  TRACE com.paul.bank.BankPortal:35 User root logged on
2021-05-24 12:47:24  TRACE com.paul.bank.BankPortal:35 User paul logged on
2021-05-24 12:47:44  INFO com.paul.model.Client:200 User paul withdrew 500.0
2021-05-24 12:47:44  INFO com.paul.model.Client:180 User paul deposited 500.0
2021-05-24 12:47:59  INFO com.paul.model.Client:194 User paul tried to withdraw too much money from an account
2021-05-24 12:58:55  TRACE com.paul.bank.BankPortal:72 New User test created
2021-05-24 12:59:04  TRACE com.paul.bank.BankPortal:35 User test logged on
2021-05-24 12:59:11  TRACE com.paul.model.Client:158 User test applied for a bank account
2021-05-24 12:59:16  TRACE com.paul.model.Client:158 User test applied for a bank account
2021-05-24 12:59:27  TRACE com.paul.bank.BankPortal:35 User root logged on
2021-05-24 13:51:51  INFO com.paul.model.Client:178 User test deposited 400.0
2021-05-24 13:51:51  INFO com.paul.model.Client:178 User test deposited 100.0
2021-05-24 13:51:51  INFO com.paul.model.Client:192 User test tried to withdraw too much money from an account
2021-05-24 13:51:51  INFO com.paul.model.Client:192 User test tried to withdraw too much money from an account
2021-05-24 13:51:52  INFO com.paul.model.Client:198 User test withdrew 400.0
2021-05-24 13:51:52  INFO com.paul.model.Client:198 User test withdrew 100.0
2021-05-24 13:53:48  INFO com.paul.model.Client:178 User test deposited 400.0
2021-05-24 13:53:48  INFO com.paul.model.Client:178 User test deposited 100.0
2021-05-24 13:53:48  INFO com.paul.model.Client:192 User test tried to withdraw too much money from an account
2021-05-24 13:53:48  INFO com.paul.model.Client:192 User test tried to withdraw too much money from an account
2021-05-24 13:53:49  INFO com.paul.model.Client:198 User test withdrew 400.0
2021-05-24 13:53:49  INFO com.paul.model.Client:198 User test withdrew 100.0
2021-05-24 13:55:43  INFO com.paul.model.Client:178 User test deposited 400.0
2021-05-24 13:55:43  INFO com.paul.model.Client:178 User test deposited 100.0
2021-05-24 13:55:43  INFO com.paul.model.Client:192 User test tried to withdraw too much money from an account
2021-05-24 13:55:43  INFO com.paul.model.Client:192 User test tried to withdraw too much money from an account
2021-05-24 13:55:44  INFO com.paul.model.Client:198 User test withdrew 400.0
2021-05-24 13:55:44  INFO com.paul.model.Client:198 User test withdrew 100.0
2021-05-24 13:58:05  INFO com.paul.model.Client:178 User test deposited 400.0
2021-05-24 13:58:05  INFO com.paul.model.Client:178 User test deposited 100.0
2021-05-24 13:58:05  INFO com.paul.model.Client:192 User test tried to withdraw too much money from an account
2021-05-24 13:58:05  INFO com.paul.model.Client:192 User test tried to withdraw too much money from an account
2021-05-24 13:58:06  INFO com.paul.model.Client:198 User test withdrew 400.0
2021-05-24 13:58:06  INFO com.paul.model.Client:198 User test withdrew 100.0
2021-05-24 14:00:36  INFO com.paul.model.Client:178 User test deposited 400.0
2021-05-24 14:00:36  INFO com.paul.model.Client:178 User test deposited 100.0
2021-05-24 14:00:36  INFO com.paul.model.Client:192 User test tried to withdraw too much money from an account
2021-05-24 14:00:36  INFO com.paul.model.Client:192 User test tried to withdraw too much money from an account
2021-05-24 14:00:36  INFO com.paul.model.Client:198 User test withdrew 400.0
2021-05-24 14:00:36  INFO com.paul.model.Client:198 User test withdrew 100.0
2021-05-24 14:01:29  INFO com.paul.model.Client:178 User test deposited 400.0
2021-05-24 14:01:29  INFO com.paul.model.Client:178 User test deposited 100.0
2021-05-24 14:01:30  INFO com.paul.model.Client:192 User test tried to withdraw too much money from an account
2021-05-24 14:01:30  INFO com.paul.model.Client:192 User test tried to withdraw too much money from an account
2021-05-24 14:01:30  INFO com.paul.model.Client:198 User test withdrew 400.0
2021-05-24 14:01:30  INFO com.paul.model.Client:198 User test withdrew 100.0
2021-05-24 14:03:05  INFO com.paul.model.Client:178 User test deposited 400.0
2021-05-24 14:03:05  INFO com.paul.model.Client:178 User test deposited 100.0
2021-05-24 14:04:32  INFO com.paul.model.Client:178 User test deposited 400.0
2021-05-24 14:06:10  INFO com.paul.model.Client:178 User test deposited 400.0
2021-05-24 14:06:10  INFO com.paul.model.Client:178 User test deposited 100.0
2021-05-24 14:06:10  INFO com.paul.model.Client:171 User test tried to deposit a negative balance
2021-05-24 14:06:10  INFO com.paul.model.Client:192 User test tried to withdraw too much money from an account
2021-05-24 14:06:10  INFO com.paul.model.Client:192 User test tried to withdraw too much money from an account
2021-05-24 14:06:11  INFO com.paul.model.Client:198 User test withdrew 400.0
2021-05-24 14:06:11  INFO com.paul.model.Client:198 User test withdrew 100.0
2021-05-24 14:06:11  INFO com.paul.model.Client:186 User test tried to withdraw a negative balance
2021-05-24 14:08:51  INFO com.paul.model.Client:178 User test deposited 400.0
2021-05-24 14:08:51  INFO com.paul.model.Client:178 User test deposited 100.0
2021-05-24 14:08:51  INFO com.paul.model.Client:171 User test tried to deposit a negative balance
2021-05-24 14:08:52  INFO com.paul.model.Client:192 User test tried to withdraw too much money from an account
2021-05-24 14:08:52  INFO com.paul.model.Client:192 User test tried to withdraw too much money from an account
2021-05-24 14:08:52  INFO com.paul.model.Client:198 User test withdrew 400.0
2021-05-24 14:08:52  INFO com.paul.model.Client:198 User test withdrew 100.0
2021-05-24 14:08:52  INFO com.paul.model.Client:186 User test tried to withdraw a negative balance
2021-05-24 14:13:10  INFO com.paul.model.Client:178 User test deposited 400.0
2021-05-24 14:13:10  INFO com.paul.model.Client:178 User test deposited 100.0
2021-05-24 14:13:10  INFO com.paul.model.Client:171 User test tried to deposit a negative balance
2021-05-24 14:13:10  INFO com.paul.model.Client:192 User test tried to withdraw too much money from an account
2021-05-24 14:13:10  INFO com.paul.model.Client:192 User test tried to withdraw too much money from an account
2021-05-24 14:13:11  INFO com.paul.model.Client:198 User test withdrew 400.0
2021-05-24 14:13:11  INFO com.paul.model.Client:198 User test withdrew 100.0
2021-05-24 14:13:11  INFO com.paul.model.Client:186 User test tried to withdraw a negative balance
2021-05-24 14:13:43  INFO com.paul.model.Client:178 User test deposited 400.0
2021-05-24 14:13:43  INFO com.paul.model.Client:178 User test deposited 100.0
2021-05-24 14:13:43  INFO com.paul.model.Client:171 User test tried to deposit a negative balance
2021-05-24 14:13:43  INFO com.paul.model.Client:192 User test tried to withdraw too much money from an account
2021-05-24 14:13:43  INFO com.paul.model.Client:192 User test tried to withdraw too much money from an account
2021-05-24 14:13:44  INFO com.paul.model.Client:198 User test withdrew 400.0
2021-05-24 14:13:44  INFO com.paul.model.Client:198 User test withdrew 100.0
2021-05-24 14:13:44  INFO com.paul.model.Client:186 User test tried to withdraw a negative balance
2021-05-24 14:14:26  INFO com.paul.model.Client:178 User test deposited 400.0
2021-05-24 14:14:26  INFO com.paul.model.Client:178 User test deposited 100.0
2021-05-24 14:14:26  INFO com.paul.model.Client:171 User test tried to deposit a negative balance
2021-05-24 14:14:27  INFO com.paul.model.Client:192 User test tried to withdraw too much money from an account
2021-05-24 14:14:27  INFO com.paul.model.Client:192 User test tried to withdraw too much money from an account
2021-05-24 14:14:27  INFO com.paul.model.Client:198 User test withdrew 400.0
2021-05-24 14:14:27  INFO com.paul.model.Client:198 User test withdrew 100.0
2021-05-24 14:14:27  INFO com.paul.model.Client:186 User test tried to withdraw a negative balance
2021-05-24 14:15:25  INFO com.paul.model.Client:178 User test deposited 400.0
2021-05-24 14:15:25  INFO com.paul.model.Client:178 User test deposited 100.0
2021-05-24 14:15:25  INFO com.paul.model.Client:171 User test tried to deposit a negative balance
2021-05-24 14:17:51  INFO com.paul.model.Client:178 User test deposited 400.0
2021-05-24 14:17:51  INFO com.paul.model.Client:178 User test deposited 100.0
2021-05-24 14:17:51  INFO com.paul.model.Client:171 User test tried to deposit a negative balance
2021-05-24 14:17:51  INFO com.paul.model.Client:192 User test tried to withdraw too much money from an account
2021-05-24 14:17:51  INFO com.paul.model.Client:192 User test tried to withdraw too much money from an account
2021-05-24 14:17:52  INFO com.paul.model.Client:198 User test withdrew 400.0
2021-05-24 14:17:52  INFO com.paul.model.Client:198 User test withdrew 100.0
2021-05-24 14:17:52  INFO com.paul.model.Client:186 User test tried to withdraw a negative balance
2021-05-24 14:19:34  INFO com.paul.model.Client:178 User test deposited 400.0
2021-05-24 14:19:34  INFO com.paul.model.Client:178 User test deposited 100.0
2021-05-24 14:19:34  INFO com.paul.model.Client:171 User test tried to deposit a negative balance
2021-05-24 14:19:35  INFO com.paul.model.Client:192 User test tried to withdraw too much money from an account
2021-05-24 14:19:35  INFO com.paul.model.Client:192 User test tried to withdraw too much money from an account
2021-05-24 14:19:35  INFO com.paul.model.Client:198 User test withdrew 400.0
2021-05-24 14:19:35  INFO com.paul.model.Client:198 User test withdrew 100.0
2021-05-24 14:19:35  INFO com.paul.model.Client:186 User test tried to withdraw a negative balance
2021-05-24 14:27:34  INFO com.paul.model.Client:178 User test deposited 400.0
2021-05-24 14:27:34  INFO com.paul.model.Client:178 User test deposited 100.0
2021-05-24 14:27:34  INFO com.paul.model.Client:171 User test tried to deposit a negative balance
2021-05-24 14:27:35  INFO com.paul.model.Client:192 User test tried to withdraw too much money from an account
2021-05-24 14:27:35  INFO com.paul.model.Client:192 User test tried to withdraw too much money from an account
2021-05-24 14:27:35  INFO com.paul.model.Client:198 User test withdrew 400.0
2021-05-24 14:27:35  INFO com.paul.model.Client:198 User test withdrew 100.0
2021-05-24 14:27:35  INFO com.paul.model.Client:186 User test tried to withdraw a negative balance
2021-05-24 14:33:15  INFO com.paul.model.Client:178 User test deposited 400.0
2021-05-24 14:33:15  INFO com.paul.model.Client:178 User test deposited 100.0
2021-05-24 14:33:15  INFO com.paul.model.Client:171 User test tried to deposit a negative balance
2021-05-24 14:33:16  INFO com.paul.model.Client:192 User test tried to withdraw too much money from an account
2021-05-24 14:33:16  INFO com.paul.model.Client:192 User test tried to withdraw too much money from an account
2021-05-24 14:33:16  INFO com.paul.model.Client:198 User test withdrew 400.0
2021-05-24 14:33:16  INFO com.paul.model.Client:198 User test withdrew 100.0
2021-05-24 14:33:16  INFO com.paul.model.Client:186 User test tried to withdraw a negative balance
2021-05-24 14:33:43  INFO com.paul.model.Client:178 User test deposited 400.0
2021-05-24 14:33:43  INFO com.paul.model.Client:178 User test deposited 100.0
2021-05-24 14:33:43  INFO com.paul.model.Client:171 User test tried to deposit a negative balance
2021-05-24 14:33:44  INFO com.paul.model.Client:192 User test tried to withdraw too much money from an account
2021-05-24 14:33:44  INFO com.paul.model.Client:192 User test tried to withdraw too much money from an account
2021-05-24 14:33:44  INFO com.paul.model.Client:198 User test withdrew 400.0
2021-05-24 14:33:44  INFO com.paul.model.Client:198 User test withdrew 100.0
2021-05-24 14:33:44  INFO com.paul.model.Client:186 User test tried to withdraw a negative balance
2021-05-24 14:56:54  INFO com.paul.model.Client:178 User test deposited 400.0
2021-05-24 14:56:54  INFO com.paul.model.Client:178 User test deposited 100.0
2021-05-24 14:56:54  INFO com.paul.model.Client:171 User test tried to deposit a negative balance
2021-05-24 14:56:54  INFO com.paul.model.Client:192 User test tried to withdraw too much money from an account
2021-05-24 14:56:54  INFO com.paul.model.Client:192 User test tried to withdraw too much money from an account
2021-05-24 14:56:55  INFO com.paul.model.Client:198 User test withdrew 400.0
2021-05-24 14:56:55  INFO com.paul.model.Client:198 User test withdrew 100.0
2021-05-24 14:56:55  INFO com.paul.model.Client:186 User test tried to withdraw a negative balance
2021-05-24 14:59:25  INFO com.paul.model.Client:178 User test deposited 400.0
2021-05-24 14:59:25  INFO com.paul.model.Client:178 User test deposited 100.0
2021-05-24 14:59:26  INFO com.paul.model.Client:192 User test tried to withdraw too much money from an account
2021-05-24 14:59:26  INFO com.paul.model.Client:192 User test tried to withdraw too much money from an account
2021-05-24 14:59:26  INFO com.paul.model.Client:198 User test withdrew 400.0
2021-05-24 14:59:26  INFO com.paul.model.Client:198 User test withdrew 100.0
2021-05-24 14:59:26  INFO com.paul.model.Client:171 User test tried to deposit a negative balance
2021-05-24 14:59:26  INFO com.paul.model.Client:186 User test tried to withdraw a negative balance
